[2025-07-27T09:16:27.898Z] App ready, starting...
[2025-07-27T09:16:27.912Z] Finding available port...
[2025-07-27T09:16:27.920Z] Using port 3001
[2025-07-27T09:16:27.921Z] Starting Next.js server...
[2025-07-27T09:16:27.925Z] Starting Next.js server on port 3001...
[2025-07-27T09:16:28.070Z] Next.js: 
> newprojwiz@0.1.0 start
> next start


[2025-07-27T09:16:28.500Z] Next.js:    ▲ Next.js 15.3.4

[2025-07-27T09:16:28.520Z] Next.js:    - Local:        http://localhost:3001
   - Network:      http://192.168.1.6:3001

 ✓ Starting...

[2025-07-27T09:16:28.850Z] Next.js:  ✓ Ready in 521ms

[2025-07-27T09:16:28.851Z] Next.js server is ready!
[2025-07-27T09:16:30.877Z] Resolving server startup...
[2025-07-27T09:16:30.879Z] Performing health check...
[2025-07-27T09:16:30.930Z] Health check passed!
[2025-07-27T09:16:30.931Z] Creating Electron window...
[2025-07-27T09:16:30.940Z] Creating window for port 3001...
[2025-07-27T09:16:31.187Z] Loading app at http://localhost:3001
[2025-07-27T09:16:31.486Z] Window ready to show, displaying...
[2025-07-27T09:16:31.602Z] Page loaded successfully
[2025-07-27T09:51:46.658Z] Window close event triggered
[2025-07-27T09:51:51.564Z] App quitting...
[2025-07-27T09:51:51.576Z] Window close event triggered
[2025-07-27T09:51:51.721Z] Next.js process exited with code 0
[2025-07-27T09:51:58.660Z] App activated
[2025-07-27T09:51:58.679Z] Showing existing window...
[2025-07-27T09:52:00.812Z] Window close event triggered
[2025-07-27T09:52:30.978Z] App quitting...
[2025-07-27T09:52:30.987Z] Window close event triggered
[2025-07-27T10:03:19.329Z] App activated
[2025-07-27T10:03:19.420Z] Showing existing window...
[2025-07-27T10:03:46.362Z] App activated
[2025-07-27T10:03:46.373Z] Showing existing window...
[2025-07-27T10:03:49.705Z] Window close event triggered
[2025-07-27T10:04:28.160Z] App quitting...
[2025-07-27T10:04:28.167Z] Window close event triggered
